[2025-01-12 09:09:52][Info] ----------------------------------------
[2025-01-12 09:09:52][Info] Starting image compression process
[2025-01-12 09:09:52][Info] Found 3 files to process:
[2025-01-12 09:09:52][Info] - D:\Desktop\My Project\MagickCompress\input\New folder\7k damage gauss rifle.png
[2025-01-12 09:09:52][Info] - D:\Desktop\My Project\MagickCompress\input\New folder\fallout 76 map.png
[2025-01-12 09:09:52][Info] - D:\Desktop\My Project\MagickCompress\input\New folder\chibi.jpg
[2025-01-12 09:09:52][Info] ----------------------------------------
[2025-01-12 09:09:52][Info] Performing initial verification of input files...
[2025-01-12 09:09:52][Info] Verifying: D:\Desktop\My Project\MagickCompress\input\New folder\7k damage gauss rifle.png
[2025-01-12 09:09:52][Success] Verification passed: D:\Desktop\My Project\MagickCompress\input\New folder\7k damage gauss rifle.png
[2025-01-12 09:09:52][Info] Verifying: D:\Desktop\My Project\MagickCompress\input\New folder\fallout 76 map.png
[2025-01-12 09:09:52][Success] Verification passed: D:\Desktop\My Project\MagickCompress\input\New folder\fallout 76 map.png
[2025-01-12 09:09:52][Info] Verifying: D:\Desktop\My Project\MagickCompress\input\New folder\chibi.jpg
[2025-01-12 09:09:52][Success] Verification passed: D:\Desktop\My Project\MagickCompress\input\New folder\chibi.jpg
[2025-01-12 09:09:53][Info] Detected 12 CPU threads. Using 12 threads for processing.
[2025-01-12 09:09:53][Info] Moving successful files to archive...
[2025-01-12 09:09:53][Info] Moving file: D:\Desktop\My Project\MagickCompress\input\New folder\fallout 76 map.png
[2025-01-12 09:09:53][Info] Moving file: D:\Desktop\My Project\MagickCompress\input\New folder\chibi.jpg
[2025-01-12 09:09:53][Info] Moving file: D:\Desktop\My Project\MagickCompress\input\New folder\7k damage gauss rifle.png
[2025-01-12 09:09:53][Info] ----------------------------------------
[2025-01-12 09:09:53][Info] Process Summary
[2025-01-12 09:09:53][Info] ----------------------------------------
[2025-01-12 09:09:53][Info] Start Time: 01/12/2025 09:09:51
[2025-01-12 09:09:53][Info] End Time: 01/12/2025 09:09:53
[2025-01-12 09:09:53][Info] Total Duration: 00h:00m:02s
[2025-01-12 09:09:53][Info] Processed files: 3
[2025-01-12 09:09:53][Info] Successful: 3
[2025-01-12 09:09:53][Info] Failed during processing: 0
[2025-01-12 09:09:53][Warning] Initially corrupted/skipped: 0
[2025-01-12 09:09:53][Info] ----------------------------------------
[2025-01-12 09:09:53][Info] Detailed Processing Results
[2025-01-12 09:09:53][Info] ----------------------------------------
[2025-01-12 09:09:53][Success] Successfully Processed Files:
[2025-01-12 09:09:53][Success] - D:\Desktop\My Project\MagickCompress\input\New folder\fallout 76 map.png
[2025-01-12 09:09:53][Info]   Original: 0MB
[2025-01-12 09:09:53][Info]   Compressed: 0MB
[2025-01-12 09:09:53][Info]   Reduction: %
[2025-01-12 09:09:53][Success] - D:\Desktop\My Project\MagickCompress\input\New folder\chibi.jpg
[2025-01-12 09:09:53][Info]   Original: 0MB
[2025-01-12 09:09:53][Info]   Compressed: 0MB
[2025-01-12 09:09:53][Info]   Reduction: %
[2025-01-12 09:09:53][Success] - D:\Desktop\My Project\MagickCompress\input\New folder\7k damage gauss rifle.png
[2025-01-12 09:09:54][Info]   Original: 0MB
[2025-01-12 09:09:54][Info]   Compressed: 0MB
[2025-01-12 09:09:54][Info]   Reduction: %
[2025-01-12 09:09:54][Info] ----------------------------------------
[2025-01-12 09:09:54][Error] Failed Files:
[2025-01-12 09:09:54][Info] ----------------------------------------
[2025-01-12 09:09:54][Info] Log file saved to: D:\Desktop\My Project\MagickCompress\logs\compress_20250112_090951.log
